  gameEngine.cpp
C:\Users\tobe1\Desktop\Prog Proj\Game_proj\DeadMenu.h(12,1): warning C4005: 'maxItem': macro redefinition
C:\Users\tobe1\Desktop\Prog Proj\Game_proj\Menu.h(12): message : see previous definition of 'maxItem'
C:\Users\tobe1\Desktop\Prog Proj\Game_proj\LeaderBoard.h(13,1): warning C4005: 'maxItem': macro redefinition
C:\Users\tobe1\Desktop\Prog Proj\Game_proj\DeadMenu.h(12): message : see previous definition of 'maxItem'
C:\Users\tobe1\Desktop\Prog Proj\Game_proj\gameEngine.cpp(29,72): warning C4244: 'argument': conversion from 'T' to 'float', possible loss of data
          with
          [
              T=unsigned int
          ]
C:\Users\tobe1\Desktop\Prog Proj\Game_proj\gameEngine.cpp(29,44): warning C4244: 'argument': conversion from 'T' to 'float', possible loss of data
          with
          [
              T=unsigned int
          ]
C:\Users\tobe1\Desktop\Prog Proj\Game_proj\gameEngine.cpp(37,79): warning C4244: 'argument': conversion from 'T' to 'float', possible loss of data
          with
          [
              T=unsigned int
          ]
C:\Users\tobe1\Desktop\Prog Proj\Game_proj\gameEngine.cpp(37,52): warning C4244: 'argument': conversion from 'T' to 'float', possible loss of data
          with
          [
              T=unsigned int
          ]
C:\Users\tobe1\Desktop\Prog Proj\Game_proj\gameEngine.cpp(39,74): warning C4244: 'argument': conversion from 'T' to 'float', possible loss of data
          with
          [
              T=unsigned int
          ]
C:\Users\tobe1\Desktop\Prog Proj\Game_proj\gameEngine.cpp(39,47): warning C4244: 'argument': conversion from 'T' to 'float', possible loss of data
          with
          [
              T=unsigned int
          ]
C:\Users\tobe1\Desktop\Prog Proj\Game_proj\gameEngine.cpp(41,80): warning C4244: 'argument': conversion from 'T' to 'float', possible loss of data
          with
          [
              T=unsigned int
          ]
C:\Users\tobe1\Desktop\Prog Proj\Game_proj\gameEngine.cpp(41,53): warning C4244: 'argument': conversion from 'T' to 'float', possible loss of data
          with
          [
              T=unsigned int
          ]
C:\Users\tobe1\Desktop\Prog Proj\Game_proj\gameEngine.cpp(43,80): warning C4244: 'argument': conversion from 'T' to 'float', possible loss of data
          with
          [
              T=unsigned int
          ]
C:\Users\tobe1\Desktop\Prog Proj\Game_proj\gameEngine.cpp(43,53): warning C4244: 'argument': conversion from 'T' to 'float', possible loss of data
          with
          [
              T=unsigned int
          ]
C:\Users\tobe1\Desktop\Prog Proj\Game_proj\gameEngine.cpp(45,81): warning C4244: 'argument': conversion from 'T' to 'float', possible loss of data
          with
          [
              T=unsigned int
          ]
C:\Users\tobe1\Desktop\Prog Proj\Game_proj\gameEngine.cpp(45,54): warning C4244: 'argument': conversion from 'T' to 'float', possible loss of data
          with
          [
              T=unsigned int
          ]
C:\Users\tobe1\Desktop\Prog Proj\Game_proj\gameEngine.cpp(47,84): warning C4244: 'argument': conversion from 'T' to 'float', possible loss of data
          with
          [
              T=unsigned int
          ]
C:\Users\tobe1\Desktop\Prog Proj\Game_proj\gameEngine.cpp(47,57): warning C4244: 'argument': conversion from 'T' to 'float', possible loss of data
          with
          [
              T=unsigned int
          ]
C:\Users\tobe1\Desktop\Prog Proj\Game_proj\gameEngine.cpp(324,12): warning C4244: 'argument': conversion from 'time_t' to 'unsigned int', possible loss of data
C:\Users\tobe1\Desktop\Prog Proj\Game_proj\gameEngine.cpp(332,15): warning C4244: 'initializing': conversion from 'T' to 'float', possible loss of data
          with
          [
              T=int
          ]
C:\Users\tobe1\Desktop\Prog Proj\Game_proj\gameEngine.cpp(333,15): warning C4244: 'initializing': conversion from 'T' to 'float', possible loss of data
          with
          [
              T=int
          ]
C:\Users\tobe1\Desktop\Prog Proj\Game_proj\gameEngine.cpp(335,201): warning C4244: 'argument': conversion from 'int' to 'float', possible loss of data
C:\Users\tobe1\Desktop\Prog Proj\Game_proj\gameEngine.cpp(335,164): warning C4244: 'argument': conversion from 'int' to 'float', possible loss of data
C:\Users\tobe1\Desktop\Prog Proj\Game_proj\gameEngine.cpp(338,204): warning C4244: 'argument': conversion from 'int' to 'float', possible loss of data
C:\Users\tobe1\Desktop\Prog Proj\Game_proj\gameEngine.cpp(338,167): warning C4244: 'argument': conversion from 'int' to 'float', possible loss of data
C:\Users\tobe1\Desktop\Prog Proj\Game_proj\gameEngine.cpp(405,81): warning C4244: 'argument': conversion from 'T' to 'float', possible loss of data
          with
          [
              T=unsigned int
          ]
C:\Users\tobe1\Desktop\Prog Proj\Game_proj\gameEngine.cpp(405,54): warning C4244: 'argument': conversion from 'T' to 'float', possible loss of data
          with
          [
              T=unsigned int
          ]
C:\Users\tobe1\Desktop\Prog Proj\Game_proj\gameEngine.cpp(414,75): warning C4244: 'argument': conversion from 'T' to 'float', possible loss of data
          with
          [
              T=unsigned int
          ]
C:\Users\tobe1\Desktop\Prog Proj\Game_proj\gameEngine.cpp(414,48): warning C4244: 'argument': conversion from 'T' to 'float', possible loss of data
          with
          [
              T=unsigned int
          ]
C:\Users\tobe1\Desktop\Prog Proj\Game_proj\gameEngine.cpp(415,81): warning C4244: 'argument': conversion from 'T' to 'float', possible loss of data
          with
          [
              T=unsigned int
          ]
C:\Users\tobe1\Desktop\Prog Proj\Game_proj\gameEngine.cpp(415,54): warning C4244: 'argument': conversion from 'T' to 'float', possible loss of data
          with
          [
              T=unsigned int
          ]
C:\Users\tobe1\Desktop\Prog Proj\Game_proj\gameEngine.cpp(416,82): warning C4244: 'argument': conversion from 'T' to 'float', possible loss of data
          with
          [
              T=unsigned int
          ]
C:\Users\tobe1\Desktop\Prog Proj\Game_proj\gameEngine.cpp(416,55): warning C4244: 'argument': conversion from 'T' to 'float', possible loss of data
          with
          [
              T=unsigned int
          ]
C:\Users\tobe1\Desktop\Prog Proj\Game_proj\gameEngine.cpp(417,85): warning C4244: 'argument': conversion from 'T' to 'float', possible loss of data
          with
          [
              T=unsigned int
          ]
C:\Users\tobe1\Desktop\Prog Proj\Game_proj\gameEngine.cpp(417,58): warning C4244: 'argument': conversion from 'T' to 'float', possible loss of data
          with
          [
              T=unsigned int
          ]
C:\Users\tobe1\Desktop\Prog Proj\Game_proj\gameEngine.cpp(441,52): warning C4244: 'argument': conversion from 'float' to 'int', possible loss of data
C:\Users\tobe1\Desktop\Prog Proj\Game_proj\gameEngine.cpp(467,25): warning C4244: '=': conversion from 'int' to 'float', possible loss of data
C:\Users\tobe1\Desktop\Prog Proj\Game_proj\gameEngine.cpp(487,25): warning C4244: '=': conversion from 'int' to 'float', possible loss of data
C:\Users\tobe1\Desktop\Prog Proj\Game_proj\gameEngine.cpp(507,25): warning C4244: '=': conversion from 'int' to 'float', possible loss of data
C:\Users\tobe1\Desktop\Prog Proj\Game_proj\gameEngine.cpp(647,131): warning C4244: 'argument': conversion from 'T' to 'float', possible loss of data
          with
          [
              T=int
          ]
C:\Users\tobe1\Desktop\Prog Proj\Game_proj\gameEngine.cpp(647,57): warning C4244: 'argument': conversion from 'T' to 'float', possible loss of data
          with
          [
              T=int
          ]
C:\Users\tobe1\Desktop\Prog Proj\Game_proj\gameEngine.cpp(676,20): warning C4244: 'initializing': conversion from 'T' to 'float', possible loss of data
          with
          [
              T=int
          ]
C:\Users\tobe1\Desktop\Prog Proj\Game_proj\gameEngine.cpp(677,20): warning C4244: 'initializing': conversion from 'T' to 'float', possible loss of data
          with
          [
              T=int
          ]
C:\Users\tobe1\Desktop\Prog Proj\Game_proj\gameEngine.cpp(697,76): warning C4244: 'argument': conversion from 'float' to 'T', possible loss of data
          with
          [
              T=int
          ]
C:\Users\tobe1\Desktop\Prog Proj\Game_proj\gameEngine.cpp(711,76): warning C4244: 'argument': conversion from 'float' to 'T', possible loss of data
          with
          [
              T=int
          ]
C:\Users\tobe1\Desktop\Prog Proj\Game_proj\gameEngine.cpp(725,75): warning C4244: 'argument': conversion from 'float' to 'T', possible loss of data
          with
          [
              T=int
          ]
C:\Users\tobe1\Desktop\Prog Proj\Game_proj\gameEngine.cpp(817,76): warning C4244: 'argument': conversion from 'T' to 'float', possible loss of data
          with
          [
              T=unsigned int
          ]
C:\Users\tobe1\Desktop\Prog Proj\Game_proj\gameEngine.cpp(817,49): warning C4244: 'argument': conversion from 'T' to 'float', possible loss of data
          with
          [
              T=unsigned int
          ]
C:\Users\tobe1\Desktop\Prog Proj\Game_proj\gameEngine.cpp(818,82): warning C4244: 'argument': conversion from 'T' to 'float', possible loss of data
          with
          [
              T=unsigned int
          ]
C:\Users\tobe1\Desktop\Prog Proj\Game_proj\gameEngine.cpp(818,55): warning C4244: 'argument': conversion from 'T' to 'float', possible loss of data
          with
          [
              T=unsigned int
          ]
C:\Users\tobe1\Desktop\Prog Proj\Game_proj\gameEngine.cpp(819,83): warning C4244: 'argument': conversion from 'T' to 'float', possible loss of data
          with
          [
              T=unsigned int
          ]
C:\Users\tobe1\Desktop\Prog Proj\Game_proj\gameEngine.cpp(819,56): warning C4244: 'argument': conversion from 'T' to 'float', possible loss of data
          with
          [
              T=unsigned int
          ]
C:\Users\tobe1\Desktop\Prog Proj\Game_proj\gameEngine.cpp(820,86): warning C4244: 'argument': conversion from 'T' to 'float', possible loss of data
          with
          [
              T=unsigned int
          ]
C:\Users\tobe1\Desktop\Prog Proj\Game_proj\gameEngine.cpp(820,59): warning C4244: 'argument': conversion from 'T' to 'float', possible loss of data
          with
          [
              T=unsigned int
          ]
  Game_proj.vcxproj -> C:\Users\tobe1\Desktop\Prog Proj\Game_proj\x64\Debug\Game_proj.exe
